2026-06-04 00:09:57,577 [INFO] === 법령 수집 시작 ===
2026-06-04 00:09:57,577 [INFO] 매니페스트 로드: 0건 이전 기록
2026-06-04 00:09:57,577 [INFO] 목록 조회 중...
2026-06-04 00:09:57,577 [INFO]   키워드 [여객자동차] 목록 조회 중...
2026-06-04 00:10:38,882 [WARNING] API 호출 실패 [lawSearch] params={'target': 'law', 'query': '여객자동차', 'display': 100, 'page': 1, 'OC': 'yunseong', 'type': 'XML'}: HTTPSConnectionPool(host='www.law.go.kr', port=443): Max retries exceeded with url: /DRF/lawSearch.do?target=law&query=%EC%97%AC%EA%B0%9D%EC%9E%90%EB%8F%99%EC%B0%A8&display=100&page=1&OC=yunseong&type=XML (Caused by ConnectTimeoutError(<HTTPSConnection(host='www.law.go.kr', port=443) at 0x7f44b844cec0>, 'Connection to www.law.go.kr timed out. (connect timeout=30)'))
2026-06-04 00:11:13,895 [WARNING] API 호출 실패 [lawSearch] params={'target': 'admrul', 'query': '여객자동차', 'display': 100, 'page': 1, 'OC': 'yunseong', 'type': 'XML'}: HTTPSConnectionPool(host='www.law.go.kr', port=443): Max retries exceeded with url: /DRF/lawSearch.do?target=admrul&query=%EC%97%AC%EA%B0%9D%EC%9E%90%EB%8F%99%EC%B0%A8&display=100&page=1&OC=yunseong&type=XML (Caused by ConnectTimeoutError(<HTTPSConnection(host='www.law.go.kr', port=443) at 0x7f44b73e21b0>, 'Connection to www.law.go.kr timed out. (connect timeout=30)'))
2026-06-04 00:11:44,497 [WARNING] API 호출 실패 [lawSearch] params={'target': 'ordin', 'query': '여객자동차', 'display': 100, 'page': 1, 'OC': 'yunseong', 'type': 'XML'}: HTTPSConnectionPool(host='www.law.go.kr', port=443): Max retries exceeded with url: /DRF/lawSearch.do?target=ordin&query=%EC%97%AC%EA%B0%9D%EC%9E%90%EB%8F%99%EC%B0%A8&display=100&page=1&OC=yunseong&type=XML (Caused by ConnectTimeoutError(<HTTPSConnection(host='www.law.go.kr', port=443) at 0x7f44b78bda00>, 'Connection to www.law.go.kr timed out. (connect timeout=30)'))
2026-06-04 00:11:44,997 [INFO]   키워드 [노선버스] 목록 조회 중...
2026-06-04 00:12:15,800 [WARNING] API 호출 실패 [lawSearch] params={'target': 'law', 'query': '노선버스', 'display': 100, 'page': 1, 'OC': 'yunseong', 'type': 'XML'}: HTTPSConnectionPool(host='www.law.go.kr', port=443): Max retries exceeded with url: /DRF/lawSearch.do?target=law&query=%EB%85%B8%EC%84%A0%EB%B2%84%EC%8A%A4&display=100&page=1&OC=yunseong&type=XML (Caused by ConnectTimeoutError(<HTTPSConnection(host='www.law.go.kr', port=443) at 0x7f44b73e1220>, 'Connection to www.law.go.kr timed out. (connect timeout=30)'))
2026-06-04 00:12:46,407 [WARNING] API 호출 실패 [lawSearch] params={'target': 'admrul', 'query': '노선버스', 'display': 100, 'page': 1, 'OC': 'yunseong', 'type': 'XML'}: HTTPSConnectionPool(host='www.law.go.kr', port=443): Max retries exceeded with url: /DRF/lawSearch.do?target=admrul&query=%EB%85%B8%EC%84%A0%EB%B2%84%EC%8A%A4&display=100&page=1&OC=yunseong&type=XML (Caused by ConnectTimeoutError(<HTTPSConnection(host='www.law.go.kr', port=443) at 0x7f44b73e2a80>, 'Connection to www.law.go.kr timed out. (connect timeout=30)'))
2026-06-04 00:13:16,838 [WARNING] API 호출 실패 [lawSearch] params={'target': 'ordin', 'query': '노선버스', 'display': 100, 'page': 1, 'OC': 'yunseong', 'type': 'XML'}: HTTPSConnectionPool(host='www.law.go.kr', port=443): Max retries exceeded with url: /DRF/lawSearch.do?target=ordin&query=%EB%85%B8%EC%84%A0%EB%B2%84%EC%8A%A4&display=100&page=1&OC=yunseong&type=XML (Caused by ConnectTimeoutError(<HTTPSConnection(host='www.law.go.kr', port=443) at 0x7f44b73e3170>, 'Connection to www.law.go.kr timed out. (connect timeout=30)'))
2026-06-04 00:13:17,338 [INFO]   키워드 [준공영제] 목록 조회 중...
2026-06-04 00:13:47,970 [WARNING] API 호출 실패 [lawSearch] params={'target': 'law', 'query': '준공영제', 'display': 100, 'page': 1, 'OC': 'yunseong', 'type': 'XML'}: HTTPSConnectionPool(host='www.law.go.kr', port=443): Max retries exceeded with url: /DRF/lawSearch.do?target=law&query=%EC%A4%80%EA%B3%B5%EC%98%81%EC%A0%9C&display=100&page=1&OC=yunseong&type=XML (Caused by ConnectTimeoutError(<HTTPSConnection(host='www.law.go.kr', port=443) at 0x7f44b73e3920>, 'Connection to www.law.go.kr timed out. (connect timeout=30)'))
2026-06-04 00:14:18,579 [WARNING] API 호출 실패 [lawSearch] params={'target': 'admrul', 'query': '준공영제', 'display': 100, 'page': 1, 'OC': 'yunseong', 'type': 'XML'}: HTTPSConnectionPool(host='www.law.go.kr', port=443): Max retries exceeded with url: /DRF/lawSearch.do?target=admrul&query=%EC%A4%80%EA%B3%B5%EC%98%81%EC%A0%9C&display=100&page=1&OC=yunseong&type=XML (Caused by ConnectTimeoutError(<HTTPSConnection(host='www.law.go.kr', port=443) at 0x7f44b7418200>, 'Connection to www.law.go.kr timed out. (connect timeout=30)'))
2026-06-04 00:14:48,985 [WARNING] API 호출 실패 [lawSearch] params={'target': 'ordin', 'query': '준공영제', 'display': 100, 'page': 1, 'OC': 'yunseong', 'type': 'XML'}: HTTPSConnectionPool(host='www.law.go.kr', port=443): Max retries exceeded with url: /DRF/lawSearch.do?target=ordin&query=%EC%A4%80%EA%B3%B5%EC%98%81%EC%A0%9C&display=100&page=1&OC=yunseong&type=XML (Caused by ConnectTimeoutError(<HTTPSConnection(host='www.law.go.kr', port=443) at 0x7f44b73e3260>, 'Connection to www.law.go.kr timed out. (connect timeout=30)'))
2026-06-04 00:14:49,486 [INFO] 목록 조회 완료: 0건
2026-06-04 00:14:49,486 [INFO] 변경 수집: 0건 / 미변경 스킵: 0건
2026-06-04 00:14:49,486 [INFO] 변동사항 없음 — 파일 미수정, 커밋 발생하지 않습니다.
2026-06-04 14:04:43,689 [INFO] === 법령 수집 시작 ===
2026-06-04 14:04:43,689 [INFO] 매니페스트 로드: 0건 이전 기록
2026-06-04 14:04:43,689 [INFO] 목록 조회 중...
2026-06-04 14:04:43,689 [INFO]   키워드 [여객자동차] 목록 조회 중...
2026-06-04 14:04:44,876 [WARNING] API 호출 실패 [lawSearch] params={'target': 'law', 'query': '여객자동차', 'display': 100, 'page': 1, 'OC': 'yunseong', 'type': 'XML'}: ('Connection aborted.', ConnectionResetError(104, 'Connection reset by peer'))
2026-06-04 14:04:47,234 [WARNING] API 호출 실패 [lawSearch] params={'target': 'ordin', 'query': '여객자동차', 'display': 100, 'page': 1, 'OC': 'yunseong', 'type': 'XML'}: ('Connection aborted.', ConnectionResetError(104, 'Connection reset by peer'))
2026-06-04 14:04:47,734 [INFO]   키워드 [노선버스] 목록 조회 중...
2026-06-04 14:04:57,602 [INFO]   키워드 [준공영제] 목록 조회 중...
2026-06-04 14:05:06,501 [INFO] 목록 조회 완료: 1건
2026-06-04 14:05:06,501 [INFO]   [신규] 여객자동차 운송사업 운임·요율 등 조정요령
2026-06-04 14:05:07,555 [WARNING] API 호출 실패 [lawService] params={'target': 'admrul', 'MST': '', 'OC': 'yunseong', 'type': 'XML'}: 500 Server Error: Internal Server Error for url: https://www.law.go.kr/DRF/lawService.do?target=admrul&MST=&OC=yunseong&type=XML
2026-06-04 14:05:07,556 [WARNING]     본문 수집 실패: 여객자동차 운송사업 운임·요율 등 조정요령
2026-06-04 14:05:08,057 [INFO] 변경 수집: 0건 / 미변경 스킵: 0건
2026-06-04 14:05:08,057 [INFO] 변동사항 없음 — 파일 미수정, 커밋 발생하지 않습니다.
2026-06-05 01:15:28,214 [INFO] === 법령 수집 시작 ===
2026-06-05 01:15:28,214 [INFO] 매니페스트 로드: 0건 이전 기록
2026-06-05 01:15:28,215 [INFO] 목록 조회 중...
2026-06-05 01:15:28,215 [INFO]   키워드 [여객자동차] 목록 조회 중...
2026-06-05 01:15:32,052 [INFO]   키워드 [노선버스] 목록 조회 중...
2026-06-05 01:15:35,214 [INFO]   키워드 [준공영제] 목록 조회 중...
2026-06-05 01:15:40,173 [INFO] 목록 조회 완료: 0건
2026-06-05 01:15:40,173 [INFO] 변경 수집: 0건 / 미변경 스킵: 0건
2026-06-05 01:15:40,173 [INFO] 변동사항 없음 — 파일 미수정, 커밋 발생하지 않습니다.
